<?xml version="1.0" encoding="UTF-8"?>
<!-- Generated by org.testng.reporters.JUnitXMLReporter -->
<testsuite ignored="0" hostname="LAPTOP-1D7JHQSP" failures="1" tests="1" name="Default test(failed)" time="0.082" errors="0" timestamp="2021-11-10T13:12:49 IST">
  <testcase classname="testNG_assert.sample9_3_softAssert_class" name="m1" time="0.018">
    <failure type="java.lang.AssertionError" message="The following asserts failed:
	expected [AKSHAY] but found [akshay],
	expected [hi] but found [AKSHAY],
	expected [hi] but found [akshay]">
      <![CDATA[java.lang.AssertionError: The following asserts failed:
expected [AKSHAY] but found [akshay],
expected [hi] but found [AKSHAY],
expected [hi] but found [akshay]
at testNG_assert.sample9_3_softAssert_class.m1(sample9_3_softAssert_class.java:30)
at java.base/java.util.ArrayList.forEach(ArrayList.java:1541)
... Removed 29 stack frames]]>
    </failure>
  </testcase> <!-- m1 -->
</testsuite> <!-- Default test(failed) -->
