<?xml version="1.0" encoding="UTF-8"?>
<!-- Generated by org.testng.reporters.JUnitXMLReporter -->
<testsuite ignored="0" hostname="LAPTOP-1D7JHQSP" failures="1" tests="6" name="Test" time="0.199" errors="0" timestamp="2021-11-09T13:02:26 IST">
  <testcase classname="test_NG_suite.failed_1_sample1" name="tc1" time="0.013"/>
  <testcase classname="test_NG_suite.failed_1_sample1" name="tc2" time="0.098">
    <failure type="java.lang.AssertionError">
      <![CDATA[java.lang.AssertionError
at org.junit.Assert.fail(Assert.java:87)
at org.junit.Assert.fail(Assert.java:96)
at test_NG_suite.failed_1_sample1.tc2(failed_1_sample1.java:23)
at java.base/java.util.ArrayList.forEach(ArrayList.java:1541)
... Removed 27 stack frames]]>
    </failure>
  </testcase> <!-- tc2 -->
  <testcase classname="test_NG_suite.failed_1_sample2" name="tc3" time="0.003"/>
  <testcase classname="test_NG_suite.failed_1_sample2" name="tc4" time="0.001"/>
  <testcase classname="test_NG_suite.failed_1_sample3" name="tc5" time="0.001"/>
  <testcase classname="test_NG_suite.failed_1_sample3" name="tc6" time="0.002"/>
</testsuite> <!-- Test -->
