<?xml version="1.0" encoding="UTF-8"?>
<!-- Generated by org.testng.reporters.JUnitXMLReporter -->
<testsuite ignored="1" hostname="LAPTOP-1D7JHQSP" failures="1" tests="1" name="Test(failed)(failed)(failed)" time="0.191" errors="0" timestamp="2021-11-09T13:08:44 IST">
  <testcase classname="test_NG_suite.failed_1_sample1" name="tc2" time="0.118">
    <failure type="java.lang.AssertionError">
      <![CDATA[java.lang.AssertionError
at org.junit.Assert.fail(Assert.java:87)
at org.junit.Assert.fail(Assert.java:96)
at test_NG_suite.failed_1_sample1.tc2(failed_1_sample1.java:23)
at java.base/java.util.ArrayList.forEach(ArrayList.java:1541)
... Removed 27 stack frames]]>
    </failure>
  </testcase> <!-- tc2 -->
  <testcase classname="test_NG_suite.failed_1_sample1" name="tc1" time="0.0">
    <ignored/>
  </testcase> <!-- tc1 -->
</testsuite> <!-- Test(failed)(failed)(failed) -->
